<?xml version="1.0" encoding="UTF-8"?>
<testsuite name="com.example.WeeklyReport.WeeklyReportApplicationTests" tests="1" skipped="0" failures="0" errors="0" timestamp="2020-01-19T18:19:41" hostname="Admin.local" time="0.778">
  <properties/>
  <testcase name="contextLoads()" classname="com.example.WeeklyReport.WeeklyReportApplicationTests" time="0.778"/>
  <system-out><![CDATA[03:19:28.248 [Test worker] DEBUG org.springframework.test.context.BootstrapUtils - Instantiating CacheAwareContextLoaderDelegate from class [org.springframework.test.context.cache.DefaultCacheAwareContextLoaderDelegate]
03:19:28.287 [Test worker] DEBUG org.springframework.test.context.BootstrapUtils - Instantiating BootstrapContext using constructor [public org.springframework.test.context.support.DefaultBootstrapContext(java.lang.Class,org.springframework.test.context.CacheAwareContextLoaderDelegate)]
03:19:28.368 [Test worker] DEBUG org.springframework.test.context.BootstrapUtils - Instantiating TestContextBootstrapper for test class [com.example.WeeklyReport.WeeklyReportApplicationTests] from class [org.springframework.boot.test.context.SpringBootTestContextBootstrapper]
03:19:28.400 [Test worker] INFO org.springframework.boot.test.context.SpringBootTestContextBootstrapper - Neither @ContextConfiguration nor @ContextHierarchy found for test class [com.example.WeeklyReport.WeeklyReportApplicationTests], using SpringBootContextLoader
03:19:28.412 [Test worker] DEBUG org.springframework.test.context.support.AbstractContextLoader - Did not detect default resource location for test class [com.example.WeeklyReport.WeeklyReportApplicationTests]: class path resource [com/example/WeeklyReport/WeeklyReportApplicationTests-context.xml] does not exist
03:19:28.414 [Test worker] DEBUG org.springframework.test.context.support.AbstractContextLoader - Did not detect default resource location for test class [com.example.WeeklyReport.WeeklyReportApplicationTests]: class path resource [com/example/WeeklyReport/WeeklyReportApplicationTestsContext.groovy] does not exist
03:19:28.415 [Test worker] INFO org.springframework.test.context.support.AbstractContextLoader - Could not detect default resource locations for test class [com.example.WeeklyReport.WeeklyReportApplicationTests]: no resource found for suffixes {-context.xml, Context.groovy}.
03:19:28.416 [Test worker] INFO org.springframework.test.context.support.AnnotationConfigContextLoaderUtils - Could not detect default configuration classes for test class [com.example.WeeklyReport.WeeklyReportApplicationTests]: WeeklyReportApplicationTests does not declare any static, non-private, non-final, nested classes annotated with @Configuration.
03:19:28.572 [Test worker] DEBUG org.springframework.test.context.support.ActiveProfilesUtils - Could not find an 'annotation declaring class' for annotation type [org.springframework.test.context.ActiveProfiles] and class [com.example.WeeklyReport.WeeklyReportApplicationTests]
03:19:28.773 [Test worker] DEBUG org.springframework.context.annotation.ClassPathScanningCandidateComponentProvider - Identified candidate component class: file [/Users/chisakihirai/Desktop/work/spring/WeeklyReport/build/classes/java/main/com/example/WeeklyReport/WeeklyReportApplication.class]
03:19:28.780 [Test worker] INFO org.springframework.boot.test.context.SpringBootTestContextBootstrapper - Found @SpringBootConfiguration com.example.WeeklyReport.WeeklyReportApplication for test class com.example.WeeklyReport.WeeklyReportApplicationTests
03:19:29.150 [Test worker] DEBUG org.springframework.boot.test.context.SpringBootTestContextBootstrapper - @TestExecutionListeners is not present for class [com.example.WeeklyReport.WeeklyReportApplicationTests]: using defaults.
03:19:29.151 [Test worker] INFO org.springframework.boot.test.context.SpringBootTestContextBootstrapper - Loaded default TestExecutionListener class names from location [META-INF/spring.factories]: [org.springframework.security.test.context.support.WithSecurityContextTestExecutionListener, org.springframework.security.test.context.support.ReactorContextTestExecutionListener, org.springframework.boot.test.autoconfigure.restdocs.RestDocsTestExecutionListener, org.springframework.boot.test.autoconfigure.web.client.MockRestServiceServerResetTestExecutionListener, org.springframework.boot.test.autoconfigure.web.servlet.MockMvcPrintOnlyOnFailureTestExecutionListener, org.springframework.boot.test.autoconfigure.web.servlet.WebDriverTestExecutionListener, org.springframework.boot.test.mock.mockito.MockitoTestExecutionListener, org.springframework.boot.test.mock.mockito.ResetMocksTestExecutionListener, org.springframework.test.context.web.ServletTestExecutionListener, org.springframework.test.context.support.DirtiesContextBeforeModesTestExecutionListener, org.springframework.test.context.support.DependencyInjectionTestExecutionListener, org.springframework.test.context.support.DirtiesContextTestExecutionListener, org.springframework.test.context.transaction.TransactionalTestExecutionListener, org.springframework.test.context.jdbc.SqlScriptsTestExecutionListener, org.springframework.test.context.event.EventPublishingTestExecutionListener]
03:19:29.221 [Test worker] INFO org.springframework.boot.test.context.SpringBootTestContextBootstrapper - Using TestExecutionListeners: [org.springframework.test.context.web.ServletTestExecutionListener@1a82ac0f, org.springframework.test.context.support.DirtiesContextBeforeModesTestExecutionListener@5bf1e8f8, org.springframework.boot.test.mock.mockito.MockitoTestExecutionListener@7f187c67, org.springframework.boot.test.autoconfigure.SpringBootDependencyInjectionTestExecutionListener@5404c8cd, org.springframework.test.context.support.DirtiesContextTestExecutionListener@5be9e496, org.springframework.test.context.transaction.TransactionalTestExecutionListener@f0b613b, org.springframework.test.context.jdbc.SqlScriptsTestExecutionListener@334ccff9, org.springframework.security.test.context.support.WithSecurityContextTestExecutionListener@41fc2bfd, org.springframework.test.context.event.EventPublishingTestExecutionListener@55a5aa00, org.springframework.security.test.context.support.ReactorContextTestExecutionListener@1731b36, org.springframework.boot.test.autoconfigure.restdocs.RestDocsTestExecutionListener@54153fe6, org.springframework.boot.test.autoconfigure.web.client.MockRestServiceServerResetTestExecutionListener@7496455a, org.springframework.boot.test.autoconfigure.web.servlet.MockMvcPrintOnlyOnFailureTestExecutionListener@c1b0462, org.springframework.boot.test.autoconfigure.web.servlet.WebDriverTestExecutionListener@15a8147c, org.springframework.boot.test.mock.mockito.ResetMocksTestExecutionListener@683fe320]
03:19:29.241 [Test worker] DEBUG org.springframework.test.context.support.AbstractDirtiesContextTestExecutionListener - Before test class: context [DefaultTestContext@243512cd testClass = WeeklyReportApplicationTests, testInstance = [null], testMethod = [null], testException = [null], mergedContextConfiguration = [WebMergedContextConfiguration@7808ddb8 testClass = WeeklyReportApplicationTests, locations = '{}', classes = '{class com.example.WeeklyReport.WeeklyReportApplication}', contextInitializerClasses = '[]', activeProfiles = '{}', propertySourceLocations = '{}', propertySourceProperties = '{org.springframework.boot.test.context.SpringBootTestContextBootstrapper=true}', contextCustomizers = set[org.springframework.boot.test.autoconfigure.properties.PropertyMappingContextCustomizer@0, org.springframework.boot.test.autoconfigure.web.servlet.WebDriverContextCustomizerFactory$Customizer@1992f84c, org.springframework.boot.test.context.filter.ExcludeFilterContextCustomizer@6b35381e, org.springframework.boot.test.json.DuplicateJsonObjectContextCustomizerFactory$DuplicateJsonObjectContextCustomizer@5e6feb60, org.springframework.boot.test.mock.mockito.MockitoContextCustomizer@0, org.springframework.boot.test.web.client.TestRestTemplateContextCustomizer@6258d8f5], resourceBasePath = 'src/main/webapp', contextLoader = 'org.springframework.boot.test.context.SpringBootContextLoader', parent = [null]], attributes = map['org.springframework.test.context.web.ServletTestExecutionListener.activateListener' -> true]], class annotated with @DirtiesContext [false] with mode [null].
03:19:29.342 [Test worker] DEBUG org.springframework.test.context.support.TestPropertySourceUtils - Adding inlined properties to environment: {spring.jmx.enabled=false, org.springframework.boot.test.context.SpringBootTestContextBootstrapper=true, server.port=-1}

  .   ____          _            __ _ _
 /\\ / ___'_ __ _ _(_)_ __  __ _ \ \ \ \
( ( )\___ | '_ | '_| | '_ \/ _` | \ \ \ \
 \\/  ___)| |_)| | | | | || (_| |  ) ) ) )
  '  |____| .__|_| |_|_| |_\__, | / / / /
 =========|_|==============|___/=/_/_/_/
 :: Spring Boot ::        (v2.2.2.RELEASE)

2020-01-20 03:19:30.494  INFO 54993 --- [    Test worker] c.e.W.WeeklyReportApplicationTests       : Starting WeeklyReportApplicationTests on Admin.local with PID 54993 (started by chisakihirai in /Users/chisakihirai/Desktop/work/spring/WeeklyReport)
2020-01-20 03:19:30.496  INFO 54993 --- [    Test worker] c.e.W.WeeklyReportApplicationTests       : No active profile set, falling back to default profiles: default
2020-01-20 03:19:32.997  INFO 54993 --- [    Test worker] .s.d.r.c.RepositoryConfigurationDelegate : Multiple Spring Data modules found, entering strict repository configuration mode!
2020-01-20 03:19:32.999  INFO 54993 --- [    Test worker] .s.d.r.c.RepositoryConfigurationDelegate : Bootstrapping Spring Data JDBC repositories in DEFAULT mode.
2020-01-20 03:19:33.023  INFO 54993 --- [    Test worker] .s.d.r.c.RepositoryConfigurationDelegate : Finished Spring Data repository scanning in 14ms. Found 0 JDBC repository interfaces.
2020-01-20 03:19:33.043  INFO 54993 --- [    Test worker] .s.d.r.c.RepositoryConfigurationDelegate : Multiple Spring Data modules found, entering strict repository configuration mode!
2020-01-20 03:19:33.044  INFO 54993 --- [    Test worker] .s.d.r.c.RepositoryConfigurationDelegate : Bootstrapping Spring Data JPA repositories in DEFAULT mode.
2020-01-20 03:19:33.056  INFO 54993 --- [    Test worker] .s.d.r.c.RepositoryConfigurationDelegate : Finished Spring Data repository scanning in 6ms. Found 0 JPA repository interfaces.
2020-01-20 03:19:34.043  INFO 54993 --- [    Test worker] trationDelegate$BeanPostProcessorChecker : Bean 'org.springframework.transaction.annotation.ProxyTransactionManagementConfiguration' of type [org.springframework.transaction.annotation.ProxyTransactionManagementConfiguration] is not eligible for getting processed by all BeanPostProcessors (for example: not eligible for auto-proxying)
2020-01-20 03:19:34.506  INFO 54993 --- [    Test worker] com.zaxxer.hikari.HikariDataSource       : HikariPool-1 - Starting...
2020-01-20 03:19:35.714  INFO 54993 --- [    Test worker] com.zaxxer.hikari.HikariDataSource       : HikariPool-1 - Start completed.
2020-01-20 03:19:35.874  INFO 54993 --- [    Test worker] o.hibernate.jpa.internal.util.LogHelper  : HHH000204: Processing PersistenceUnitInfo [name: default]
2020-01-20 03:19:36.294  INFO 54993 --- [    Test worker] org.hibernate.Version                    : HHH000412: Hibernate Core {5.4.9.Final}
2020-01-20 03:19:36.670  INFO 54993 --- [    Test worker] o.hibernate.annotations.common.Version   : HCANN000001: Hibernate Commons Annotations {5.1.0.Final}
2020-01-20 03:19:37.171  INFO 54993 --- [    Test worker] org.hibernate.dialect.Dialect            : HHH000400: Using dialect: org.hibernate.dialect.MySQL8Dialect
2020-01-20 03:19:37.742  INFO 54993 --- [    Test worker] o.h.e.t.j.p.i.JtaPlatformInitiator       : HHH000490: Using JtaPlatform implementation: [org.hibernate.engine.transaction.jta.platform.internal.NoJtaPlatform]
2020-01-20 03:19:37.764  INFO 54993 --- [    Test worker] j.LocalContainerEntityManagerFactoryBean : Initialized JPA EntityManagerFactory for persistence unit 'default'
2020-01-20 03:19:38.880  WARN 54993 --- [    Test worker] JpaBaseConfiguration$JpaWebConfiguration : spring.jpa.open-in-view is enabled by default. Therefore, database queries may be performed during view rendering. Explicitly configure spring.jpa.open-in-view to disable this warning
2020-01-20 03:19:39.635  INFO 54993 --- [    Test worker] o.s.s.concurrent.ThreadPoolTaskExecutor  : Initializing ExecutorService 'applicationTaskExecutor'
2020-01-20 03:19:40.995  INFO 54993 --- [    Test worker] c.e.W.WeeklyReportApplicationTests       : Started WeeklyReportApplicationTests in 11.62 seconds (JVM running for 15.077)
]]></system-out>
  <system-err><![CDATA[]]></system-err>
</testsuite>
